<?xml version="1.0" encoding="UTF-8"?>
<!-- Generated by org.testng.reporters.JUnitReportReporter -->
<testsuite hostname="LAPTOP-5KMFOFH9" failures="0" tests="1" name="com.ActionsClass.FileUploadUsingSendKeys" time="7.234" errors="0" timestamp="2024-09-04T20:40:07 IST" skipped="0">
  <testcase classname="com.ActionsClass.FileUploadUsingSendKeys" name="testFileUpload" time="7.234"/>
  <system-out/>
</testsuite> <!-- com.ActionsClass.FileUploadUsingSendKeys -->
