<?xml version="1.0" encoding="UTF-8"?>
<!-- Generated by org.testng.reporters.JUnitReportReporter -->
<testsuite hostname="LAPTOP-5KMFOFH9" failures="0" tests="1" name="com.Capabilities.IncognitoBrowserTest" time="3.456" errors="0" timestamp="2024-09-04T21:29:42 IST" skipped="0">
  <testcase classname="com.Capabilities.IncognitoBrowserTest" name="testBrowser" time="3.456"/>
  <system-out/>
</testsuite> <!-- com.Capabilities.IncognitoBrowserTest -->
