<?xml version="1.0" encoding="UTF-8"?>
<!-- Generated by org.testng.reporters.JUnitReportReporter -->
<testsuite hostname="LAPTOP-5KMFOFH9" failures="0" tests="1" name="com.WebElementHandlingWithTestNG.RedBusCalendar" time="8.066" errors="0" timestamp="2024-09-02T22:09:38 IST" skipped="0">
  <testcase classname="com.WebElementHandlingWithTestNG.RedBusCalendar" name="datePickerTest" time="8.066"/>
  <system-out/>
</testsuite> <!-- com.WebElementHandlingWithTestNG.RedBusCalendar -->
