<?xml version="1.0" encoding="UTF-8"?>
<!-- Generated by org.testng.reporters.JUnitReportReporter -->
<testsuite hostname="LAPTOP-5KMFOFH9" failures="0" tests="1" name="com.ApiScenarios.Authentication" time="6.252" errors="0" timestamp="2024-10-08T20:57:16 IST" skipped="0">
  <testcase classname="com.ApiScenarios.Authentication" name="testOAuth2" time="6.252"/>
  <system-out/>
</testsuite> <!-- com.ApiScenarios.Authentication -->
