<?xml version="1.0" encoding="UTF-8"?>
<!-- Generated by org.testng.reporters.JUnitReportReporter -->
<testsuite hostname="LAPTOP-5KMFOFH9" failures="0" tests="3" name="com.TestNGFramework.ParallelTest.TestClass1" time="24.410" errors="0" timestamp="2024-09-12T20:23:09 IST" skipped="0">
  <testcase classname="com.TestNGFramework.ParallelTest.TestClass1" name="chromeTest" time="8.992"/>
  <system-out/>
  <testcase classname="com.TestNGFramework.ParallelTest.TestClass1" name="edgeTest" time="5.358"/>
  <system-out/>
  <testcase classname="com.TestNGFramework.ParallelTest.TestClass1" name="firefoxTest" time="10.060"/>
  <system-out/>
</testsuite> <!-- com.TestNGFramework.ParallelTest.TestClass1 -->
