<?xml version="1.0" encoding="UTF-8"?>
<!-- Generated by org.testng.reporters.JUnitReportReporter -->
<testsuite hostname="LAPTOP-5KMFOFH9" failures="0" tests="1" name="com.mobileElmentsScenario.AutomateKeyboardAction" time="18.847" errors="0" timestamp="2024-10-15T21:11:04 IST" skipped="0">
  <testcase classname="com.mobileElmentsScenario.AutomateKeyboardAction" name="testKeyboardInteraction" time="18.847"/>
  <system-out/>
</testsuite> <!-- com.mobileElmentsScenario.AutomateKeyboardAction -->
