<?xml version="1.0" encoding="UTF-8"?>
<!-- Generated by org.testng.reporters.JUnitReportReporter -->
<testsuite hostname="LAPTOP-5KMFOFH9" failures="0" tests="2" name="com.TestNGFramework.ParallelTest.TestA" time="13.449" errors="0" timestamp="2024-09-12T20:30:46 IST" skipped="0">
  <testcase classname="com.TestNGFramework.ParallelTest.TestA" name="f" time="6.815"/>
  <system-out/>
  <testcase classname="com.TestNGFramework.ParallelTest.TestA" name="f" time="6.634"/>
  <system-out/>
</testsuite> <!-- com.TestNGFramework.ParallelTest.TestA -->
