<?xml version="1.0" encoding="UTF-8"?>
<!-- Generated by org.testng.reporters.JUnitReportReporter -->
<testsuite hostname="LAPTOP-5KMFOFH9" failures="0" tests="1" name="com.RestMethods.PUTRequest_DELETE" time="2.745" errors="0" timestamp="2024-10-03T22:13:12 IST" skipped="0">
  <testcase classname="com.RestMethods.PUTRequest_DELETE" name="deleteRequest" time="2.745"/>
  <system-out/>
</testsuite> <!-- com.RestMethods.PUTRequest_DELETE -->
