<?xml version="1.0" encoding="UTF-8"?>
<!-- Generated by org.testng.reporters.JUnitReportReporter -->
<testsuite hostname="LAPTOP-5KMFOFH9" failures="0" tests="1" name="com.TestNGFramework.TestData.HrmDataFromPropertiesFile" time="7.389" errors="0" timestamp="2024-09-09T20:57:33 IST" skipped="0">
  <testcase classname="com.TestNGFramework.TestData.HrmDataFromPropertiesFile" name="testHRM" time="7.389"/>
  <system-out/>
</testsuite> <!-- com.TestNGFramework.TestData.HrmDataFromPropertiesFile -->
