<?xml version="1.0" encoding="UTF-8"?>
<!-- Generated by org.testng.reporters.JUnitReportReporter -->
<testsuite hostname="LAPTOP-5KMFOFH9" failures="0" tests="1" name="com.WebElementHandlingWithTestNG.MultipleWindowHandling" time="25.948" errors="0" timestamp="2024-08-29T21:41:28 IST" skipped="0">
  <testcase classname="com.WebElementHandlingWithTestNG.MultipleWindowHandling" name="windowHandlingTest" time="25.948"/>
  <system-out/>
</testsuite> <!-- com.WebElementHandlingWithTestNG.MultipleWindowHandling -->
