<?xml version="1.0" encoding="UTF-8"?>
<!-- Generated by org.testng.reporters.JUnitReportReporter -->
<testsuite hostname="LAPTOP-5KMFOFH9" failures="0" tests="1" name="com.ActionsClass.DragandDrop" time="9.195" errors="0" timestamp="2024-09-03T22:15:24 IST" skipped="0">
  <testcase classname="com.ActionsClass.DragandDrop" name="dragndropTest" time="9.195"/>
  <system-out/>
</testsuite> <!-- com.ActionsClass.DragandDrop -->
