<?xml version="1.0" encoding="UTF-8"?>
<!-- Generated by org.testng.reporters.JUnitReportReporter -->
<testsuite hostname="LAPTOP-5KMFOFH9" failures="0" tests="1" name="com.WebElementHandlingWithTestNG.WebTableAutomation" time="9.985" errors="0" timestamp="2024-09-03T21:30:40 IST" skipped="0">
  <testcase classname="com.WebElementHandlingWithTestNG.WebTableAutomation" name="testTable" time="9.985"/>
  <system-out/>
</testsuite> <!-- com.WebElementHandlingWithTestNG.WebTableAutomation -->
