<?xml version="1.0" encoding="UTF-8"?>
<!-- Generated by org.testng.reporters.JUnitReportReporter -->
<testsuite hostname="LAPTOP-5KMFOFH9" failures="0" tests="1" name="com.WebElementHandlingWithTestNG.AuthenticationAlert" time="6.793" errors="0" timestamp="2024-08-29T21:16:02 IST" skipped="0">
  <testcase classname="com.WebElementHandlingWithTestNG.AuthenticationAlert" name="authAlertTest" time="6.793"/>
  <system-out/>
</testsuite> <!-- com.WebElementHandlingWithTestNG.AuthenticationAlert -->
