<?xml version="1.0" encoding="UTF-8"?>
<!-- Generated by org.testng.reporters.JUnitReportReporter -->
<testsuite hostname="LAPTOP-5KMFOFH9" failures="0" tests="1" name="com.Capabilities.HeadlessTest" time="4.851" errors="0" timestamp="2024-09-04T21:24:36 IST" skipped="0">
  <testcase classname="com.Capabilities.HeadlessTest" name="googleSearch" time="4.851"/>
  <system-out/>
</testsuite> <!-- com.Capabilities.HeadlessTest -->
