<?xml version="1.0" encoding="UTF-8"?>
<!-- Generated by org.testng.reporters.JUnitReportReporter -->
<testsuite hostname="LAPTOP-5KMFOFH9" failures="0" tests="3" name="com.SwagLabs.TestCases.LoginPageTest" time="0.882" errors="0" timestamp="2024-09-18T21:30:46 IST" skipped="0">
  <testcase classname="com.SwagLabs.TestCases.LoginPageTest" name="validateUrl" time="0.042"/>
  <system-out/>
  <testcase classname="com.SwagLabs.TestCases.LoginPageTest" name="validateTitle" time="0.017"/>
  <system-out/>
  <testcase classname="com.SwagLabs.TestCases.LoginPageTest" name="validateLogin" time="0.823"/>
  <system-out/>
</testsuite> <!-- com.SwagLabs.TestCases.LoginPageTest -->
