<?xml version="1.0" encoding="UTF-8"?>
<!-- Generated by org.testng.reporters.JUnitReportReporter -->
<testsuite hostname="LAPTOP-5KMFOFH9" failures="0" tests="3" name="com.TestNGFramework.Annotations.AnnotationCRMRealTimeScenario" time="2.703" errors="0" timestamp="2024-09-09T22:00:19 IST" skipped="0">
  <testcase classname="com.TestNGFramework.Annotations.AnnotationCRMRealTimeScenario" name="verifySignIn" time="1.183"/>
  <system-out/>
  <testcase classname="com.TestNGFramework.Annotations.AnnotationCRMRealTimeScenario" name="validateLogin" time="0.896"/>
  <system-out/>
  <testcase classname="com.TestNGFramework.Annotations.AnnotationCRMRealTimeScenario" name="verifySignOut" time="0.624"/>
  <system-out/>
</testsuite> <!-- com.TestNGFramework.Annotations.AnnotationCRMRealTimeScenario -->
