<?xml version="1.0" encoding="UTF-8"?>
<!-- Generated by org.testng.reporters.JUnitReportReporter -->
<testsuite hostname="LAPTOP-5KMFOFH9" failures="0" tests="1" name="com.WebElementHandlingWithTestNG.JavascriptExecutorDemo" time="15.776" errors="0" timestamp="2024-09-02T21:27:30 IST" skipped="0">
  <testcase classname="com.WebElementHandlingWithTestNG.JavascriptExecutorDemo" name="testExecutor" time="15.776"/>
  <system-out/>
</testsuite> <!-- com.WebElementHandlingWithTestNG.JavascriptExecutorDemo -->
