<?xml version="1.0" encoding="UTF-8"?>
<!-- Generated by org.testng.reporters.JUnitReportReporter -->
<testsuite hostname="LAPTOP-5KMFOFH9" failures="0" tests="1" name="com.ApiScenarios.Authentication" time="4.417" errors="0" timestamp="2024-10-07T22:12:53 IST" skipped="0">
  <testcase classname="com.ApiScenarios.Authentication" name="testBasicAuthentication" time="4.417"/>
  <system-out/>
</testsuite> <!-- com.ApiScenarios.Authentication -->
