<?xml version="1.0" encoding="UTF-8"?>
<!-- Generated by org.testng.reporters.JUnitReportReporter -->
<testsuite hostname="LAPTOP-5KMFOFH9" failures="0" tests="1" name="com.driverSession.DriverSessionWithAppPackage_ActivityName" time="11.081" errors="0" timestamp="2024-10-10T22:02:33 IST" skipped="0">
  <testcase classname="com.driverSession.DriverSessionWithAppPackage_ActivityName" name="testSession" time="11.081"/>
  <system-out/>
</testsuite> <!-- com.driverSession.DriverSessionWithAppPackage_ActivityName -->
