<?xml version="1.0" encoding="UTF-8"?>
<!-- Generated by org.testng.reporters.JUnitReportReporter -->
<testsuite hostname="LAPTOP-5KMFOFH9" failures="0" tests="5" name="com.TestNGFramework.TestNGDemo4_disableTest" time="0.009" errors="0" timestamp="2024-09-05T21:24:52 IST" skipped="1">
  <testcase classname="com.TestNGFramework.TestNGDemo4_disableTest" name="verifyApplication" time="0.001"/>
  <system-out/>
  <testcase classname="com.TestNGFramework.TestNGDemo4_disableTest" name="verifyCurrentUrl" time="0.002"/>
  <system-out/>
  <testcase classname="com.TestNGFramework.TestNGDemo4_disableTest" name="verifyTitle" time="0.003"/>
  <system-out/>
  <testcase classname="com.TestNGFramework.TestNGDemo4_disableTest" name="verifyLogin" time="0.003"/>
  <system-out/>
  <testcase classname="com.TestNGFramework.TestNGDemo4_disableTest" name="verifyLogout">
    <skipped/>
  </testcase> <!-- verifyLogout -->
  <system-out/>
</testsuite> <!-- com.TestNGFramework.TestNGDemo4_disableTest -->
