<?xml version="1.0" encoding="UTF-8"?>
<!-- Generated by org.testng.reporters.JUnitReportReporter -->
<testsuite hostname="LAPTOP-5KMFOFH9" failures="0" tests="1" name="com.WebElementHandlingWithTestNG.PeginationWebTable" time="16.036" errors="0" timestamp="2024-09-03T21:43:00 IST" skipped="0">
  <testcase classname="com.WebElementHandlingWithTestNG.PeginationWebTable" name="testTable" time="16.036"/>
  <system-out/>
</testsuite> <!-- com.WebElementHandlingWithTestNG.PeginationWebTable -->
