<?xml version="1.0" encoding="UTF-8"?>
<!-- Generated by org.testng.reporters.JUnitReportReporter -->
<testsuite hostname="LAPTOP-5KMFOFH9" failures="0" tests="1" name="com.mobileElmentsScenario.AlertHandling" time="20.078" errors="0" timestamp="2024-10-15T20:55:51 IST" skipped="0">
  <testcase classname="com.mobileElmentsScenario.AlertHandling" name="testAlert" time="20.078"/>
  <system-out/>
</testsuite> <!-- com.mobileElmentsScenario.AlertHandling -->
