<?xml version="1.0" encoding="UTF-8"?>
<!-- Generated by org.testng.reporters.JUnitReportReporter -->
<testsuite hostname="LAPTOP-5KMFOFH9" failures="0" tests="1" name="com.ActionsClass.FileUploadUsingRobotClass" time="11.646" errors="0" timestamp="2024-09-04T21:02:10 IST" skipped="0">
  <testcase classname="com.ActionsClass.FileUploadUsingRobotClass" name="testFileUpload" time="11.646"/>
  <system-out/>
</testsuite> <!-- com.ActionsClass.FileUploadUsingRobotClass -->
