<?xml version="1.0" encoding="UTF-8"?>
<!-- Generated by org.testng.reporters.JUnitReportReporter -->
<testsuite hostname="LAPTOP-5KMFOFH9" failures="0" tests="1" name="com.WebElementHandlingWithTestNG.FrameDemo3" time="4.415" errors="0" timestamp="2024-09-02T20:51:23 IST" skipped="0">
  <testcase classname="com.WebElementHandlingWithTestNG.FrameDemo3" name="nestedFrameTest" time="4.415"/>
  <system-out/>
</testsuite> <!-- com.WebElementHandlingWithTestNG.FrameDemo3 -->
