<?xml version="1.0" encoding="UTF-8"?>
<!-- Generated by org.testng.reporters.JUnitReportReporter -->
<testsuite hostname="LAPTOP-5KMFOFH9" failures="0" tests="1" name="com.ApiScenarios.Path_QueryParameter" time="2.522" errors="0" timestamp="2024-10-07T21:22:52 IST" skipped="0">
  <testcase classname="com.ApiScenarios.Path_QueryParameter" name="testParamaters" time="2.522"/>
  <system-out/>
</testsuite> <!-- com.ApiScenarios.Path_QueryParameter -->
