<?xml version="1.0" encoding="UTF-8"?>
<!-- Generated by org.testng.reporters.JUnitReportReporter -->
<testsuite hostname="LAPTOP-5KMFOFH9" failures="0" tests="1" name="com.TestNGFramework.TestData.PropertiesfileReaderTest" time="0.017" errors="0" timestamp="2024-09-09T21:09:46 IST" skipped="0">
  <testcase classname="com.TestNGFramework.TestData.PropertiesfileReaderTest" name="testFile" time="0.017"/>
  <system-out/>
</testsuite> <!-- com.TestNGFramework.TestData.PropertiesfileReaderTest -->
