<?xml version="1.0" encoding="UTF-8"?>
<!-- Generated by org.testng.reporters.JUnitReportReporter -->
<testsuite hostname="LAPTOP-5KMFOFH9" failures="0" tests="1" name="com.ActionsClass.NopCommerceDemo" time="7.946" errors="0" timestamp="2024-09-08T23:03:07 IST" skipped="0">
  <testcase classname="com.ActionsClass.NopCommerceDemo" name="testRegister" time="7.946"/>
  <system-out/>
</testsuite> <!-- com.ActionsClass.NopCommerceDemo -->
