<?xml version="1.0" encoding="UTF-8"?>
<!-- Generated by org.testng.reporters.JUnitReportReporter -->
<testsuite hostname="LAPTOP-5KMFOFH9" failures="0" tests="1" name="com.SwagLabs.TestCases.CheckoutPageTest" time="0.468" errors="0" timestamp="2024-09-11T21:14:36 IST" skipped="0">
  <testcase classname="com.SwagLabs.TestCases.CheckoutPageTest" name="validateCheckOut" time="0.468"/>
  <system-out/>
</testsuite> <!-- com.SwagLabs.TestCases.CheckoutPageTest -->
