<?xml version="1.0" encoding="UTF-8"?>
<!-- Generated by org.testng.reporters.JUnitReportReporter -->
<testsuite hostname="LAPTOP-5KMFOFH9" failures="0" tests="1" name="com.RestMethods.PostRequest" time="4.275" errors="0" timestamp="2024-10-03T22:06:23 IST" skipped="0">
  <testcase classname="com.RestMethods.PostRequest" name="postRequestWithPOJO" time="4.275"/>
  <system-out/>
</testsuite> <!-- com.RestMethods.PostRequest -->
