<?xml version="1.0" encoding="UTF-8"?>
<!-- Generated by org.testng.reporters.JUnitReportReporter -->
<testsuite hostname="LAPTOP-5KMFOFH9" failures="0" tests="1" name="com.RestMethods.GETWithNonBDD" time="2.755" errors="0" timestamp="2024-10-03T21:14:17 IST" skipped="0">
  <testcase classname="com.RestMethods.GETWithNonBDD" name="createUser_Post" time="2.755"/>
  <system-out/>
</testsuite> <!-- com.RestMethods.GETWithNonBDD -->
