<?xml version="1.0" encoding="UTF-8"?>
<!-- Generated by org.testng.reporters.JUnitReportReporter -->
<testsuite hostname="LAPTOP-5KMFOFH9" failures="0" tests="1" name="com.ActionsClass.ToolTipAutomation" time="6.512" errors="0" timestamp="2024-09-04T20:21:20 IST" skipped="0">
  <testcase classname="com.ActionsClass.ToolTipAutomation" name="testTooltip" time="6.512"/>
  <system-out/>
</testsuite> <!-- com.ActionsClass.ToolTipAutomation -->
