<?xml version="1.0" encoding="UTF-8"?>
<!-- Generated by org.testng.reporters.JUnitReportReporter -->
<testsuite hostname="LAPTOP-5KMFOFH9" failures="0" tests="1" name="com.WebElementHandlingWithTestNG.NewWindow_TabHandling" time="17.432" errors="0" timestamp="2024-09-09T20:21:13 IST" skipped="0">
  <testcase classname="com.WebElementHandlingWithTestNG.NewWindow_TabHandling" name="scenario" time="17.432"/>
  <system-out/>
</testsuite> <!-- com.WebElementHandlingWithTestNG.NewWindow_TabHandling -->
