<?xml version="1.0" encoding="UTF-8"?>
<!-- Generated by org.testng.reporters.JUnitReportReporter -->
<testsuite hostname="LAPTOP-5KMFOFH9" failures="0" tests="1" name="com.WebElementHandlingWithTestNG.IFrameDemo" time="12.506" errors="0" timestamp="2024-08-29T22:07:54 IST" skipped="0">
  <testcase classname="com.WebElementHandlingWithTestNG.IFrameDemo" name="frameTest" time="12.506"/>
  <system-out/>
</testsuite> <!-- com.WebElementHandlingWithTestNG.IFrameDemo -->
