<?xml version="1.0" encoding="UTF-8"?>
<!-- Generated by org.testng.reporters.JUnitReportReporter -->
<testsuite hostname="LAPTOP-5KMFOFH9" failures="0" tests="3" name="com.TestNGFramework.ParallelTest.CrossBrowserTest" time="27.446" errors="0" timestamp="2024-09-12T20:40:42 IST" skipped="0">
  <testcase classname="com.TestNGFramework.ParallelTest.CrossBrowserTest" name="testApp" time="6.017"/>
  <system-out/>
  <testcase classname="com.TestNGFramework.ParallelTest.CrossBrowserTest" name="testApp" time="9.983"/>
  <system-out/>
  <testcase classname="com.TestNGFramework.ParallelTest.CrossBrowserTest" name="testApp" time="11.446"/>
  <system-out/>
</testsuite> <!-- com.TestNGFramework.ParallelTest.CrossBrowserTest -->
