<?xml version="1.0" encoding="UTF-8"?>
<!-- Generated by org.testng.reporters.JUnitReportReporter -->
<testsuite hostname="LAPTOP-5KMFOFH9" failures="0" tests="1" name="com.Capabilities.FileDownLoad" time="6.242" errors="0" timestamp="2024-09-04T21:45:29 IST" skipped="0">
  <testcase classname="com.Capabilities.FileDownLoad" name="testFileDownLoad" time="6.242"/>
  <system-out/>
</testsuite> <!-- com.Capabilities.FileDownLoad -->
