<?xml version="1.0" encoding="UTF-8"?>
<!-- Generated by org.testng.reporters.JUnitReportReporter -->
<testsuite hostname="LAPTOP-5KMFOFH9" failures="0" tests="1" name="com.driverSession.DriverSessionWithUIAutomator2Optionsclass" time="21.988" errors="0" timestamp="2024-10-15T20:31:26 IST" skipped="0">
  <testcase classname="com.driverSession.DriverSessionWithUIAutomator2Optionsclass" name="testSession" time="21.988"/>
  <system-out/>
</testsuite> <!-- com.driverSession.DriverSessionWithUIAutomator2Optionsclass -->
