<?xml version="1.0" encoding="UTF-8"?>
<!-- Generated by org.testng.reporters.JUnitReportReporter -->
<testsuite hostname="LAPTOP-5KMFOFH9" failures="0" tests="1" name="com.mobileElmentsScenario.Lock_UnlockDevice" time="14.488" errors="0" timestamp="2024-10-15T21:48:25 IST" skipped="0">
  <testcase classname="com.mobileElmentsScenario.Lock_UnlockDevice" name="testLock_Unlock_rotate" time="14.488"/>
  <system-out/>
</testsuite> <!-- com.mobileElmentsScenario.Lock_UnlockDevice -->
