<?xml version="1.0" encoding="UTF-8"?>
<!-- Generated by org.testng.reporters.JUnitReportReporter -->
<testsuite hostname="LAPTOP-5KMFOFH9" failures="0" tests="1" name="com.mobileElmentsScenario.DragGestureTest" time="16.056" errors="0" timestamp="2024-10-14T22:14:00 IST" skipped="0">
  <testcase classname="com.mobileElmentsScenario.DragGestureTest" name="testDragGesture" time="16.056"/>
  <system-out/>
</testsuite> <!-- com.mobileElmentsScenario.DragGestureTest -->
