<?xml version="1.0" encoding="UTF-8"?>
<!-- Generated by org.testng.reporters.JUnitReportReporter -->
<testsuite hostname="LAPTOP-5KMFOFH9" failures="0" tests="1" name="com.SeleniumGrid.FirstGridTest" time="23.241" errors="0" timestamp="2024-09-26T20:57:31 IST" skipped="0">
  <testcase classname="com.SeleniumGrid.FirstGridTest" name="testOnRemoteChrome" time="23.241"/>
  <system-out/>
</testsuite> <!-- com.SeleniumGrid.FirstGridTest -->
