<?xml version="1.0" encoding="UTF-8"?>
<!-- Generated by org.testng.reporters.JUnitReportReporter -->
<testsuite hostname="LAPTOP-5KMFOFH9" failures="0" tests="1" name="com.WebElementHandlingWithTestNG.AlertHandlingDemo2" time="11.477" errors="0" timestamp="2024-08-29T21:09:04 IST" skipped="0">
  <testcase classname="com.WebElementHandlingWithTestNG.AlertHandlingDemo2" name="alertTest" time="11.477"/>
  <system-out/>
</testsuite> <!-- com.WebElementHandlingWithTestNG.AlertHandlingDemo2 -->
