<?xml version="1.0" encoding="UTF-8"?>
<!-- Generated by org.testng.reporters.JUnitReportReporter -->
<testsuite hostname="LAPTOP-5KMFOFH9" failures="0" tests="1" name="com.TestNGFramework.Annotations.GeneralTestForCRM" time="10.886" errors="0" timestamp="2024-09-09T21:44:35 IST" skipped="0">
  <testcase classname="com.TestNGFramework.Annotations.GeneralTestForCRM" name="testCRM" time="10.886"/>
  <system-out/>
</testsuite> <!-- com.TestNGFramework.Annotations.GeneralTestForCRM -->
