<?xml version="1.0" encoding="UTF-8"?>
<!-- Generated by org.testng.reporters.JUnitReportReporter -->
<testsuite hostname="LAPTOP-5KMFOFH9" failures="0" tests="1" name="com.WebElementHandlingWithTestNG.JavascriptExecutorDemo2" time="10.122" errors="0" timestamp="2024-09-02T21:38:16 IST" skipped="0">
  <testcase classname="com.WebElementHandlingWithTestNG.JavascriptExecutorDemo2" name="testJavascriptfunction" time="10.122"/>
  <system-out/>
</testsuite> <!-- com.WebElementHandlingWithTestNG.JavascriptExecutorDemo2 -->
