<?xml version="1.0" encoding="UTF-8"?>
<!-- Generated by org.testng.reporters.JUnitReportReporter -->
<testsuite hostname="LAPTOP-5KMFOFH9" failures="0" tests="1" name="com.mobileElmentsScenario.ClickGesture" time="10.091" errors="0" timestamp="2024-10-14T21:33:02 IST" skipped="0">
  <testcase classname="com.mobileElmentsScenario.ClickGesture" name="testClickGesture" time="10.091"/>
  <system-out/>
</testsuite> <!-- com.mobileElmentsScenario.ClickGesture -->
