<?xml version="1.0" encoding="UTF-8"?>
<!-- Generated by org.testng.reporters.JUnitReportReporter -->
<testsuite hostname="LAPTOP-5KMFOFH9" failures="0" tests="1" name="com.WaitInSelenium.WebDriverWaitDemo1" time="6.124" errors="0" timestamp="2024-09-03T20:57:34 IST" skipped="0">
  <testcase classname="com.WaitInSelenium.WebDriverWaitDemo1" name="explicitWaitTest" time="6.124"/>
  <system-out/>
</testsuite> <!-- com.WaitInSelenium.WebDriverWaitDemo1 -->
