<?xml version="1.0" encoding="UTF-8"?>
<!-- Generated by org.testng.reporters.JUnitReportReporter -->
<testsuite hostname="LAPTOP-5KMFOFH9" failures="0" tests="4" name="com.TestNGFramework.Annotations.AnnotationDemo1" time="0.020" errors="0" timestamp="2024-09-09T21:24:15 IST" skipped="0">
  <testcase classname="com.TestNGFramework.Annotations.AnnotationDemo1" name="testCase2" time="0.003"/>
  <system-out/>
  <testcase classname="com.TestNGFramework.Annotations.AnnotationDemo1" name="testCase3" time="0.005"/>
  <system-out/>
  <testcase classname="com.TestNGFramework.Annotations.AnnotationDemo1" name="testCase4" time="0.002"/>
  <system-out/>
  <testcase classname="com.TestNGFramework.Annotations.AnnotationDemo1" name="testCase1" time="0.010"/>
  <system-out/>
</testsuite> <!-- com.TestNGFramework.Annotations.AnnotationDemo1 -->
