<?xml version="1.0" encoding="UTF-8"?>
<!-- Generated by org.testng.reporters.JUnitReportReporter -->
<testsuite hostname="LAPTOP-5KMFOFH9" failures="0" tests="1" name="com.TestNGFramework.TestData.RedingFromPropertiesFile" time="0.015" errors="0" timestamp="2024-09-09T20:41:19 IST" skipped="0">
  <testcase classname="com.TestNGFramework.TestData.RedingFromPropertiesFile" name="testFile" time="0.015"/>
  <system-out/>
</testsuite> <!-- com.TestNGFramework.TestData.RedingFromPropertiesFile -->
