<?xml version="1.0" encoding="UTF-8"?>
<!-- Generated by org.testng.reporters.JUnitReportReporter -->
<testsuite hostname="LAPTOP-5KMFOFH9" failures="0" tests="1" name="com.mobileElmentsScenario.AutomateNotifications" time="12.114" errors="0" timestamp="2024-10-15T21:27:17 IST" skipped="0">
  <testcase classname="com.mobileElmentsScenario.AutomateNotifications" name="testNotifications" time="12.114"/>
  <system-out/>
</testsuite> <!-- com.mobileElmentsScenario.AutomateNotifications -->
