<?xml version="1.0" encoding="UTF-8"?>
<!-- Generated by org.testng.reporters.JUnitReportReporter -->
<testsuite hostname="LAPTOP-5KMFOFH9" failures="0" tests="2" name="com.TestNGFramework.Annotations.A" time="0.011" errors="0" timestamp="2024-09-09T21:37:48 IST" skipped="0">
  <testcase classname="com.TestNGFramework.Annotations.A" name="registerTest" time="0.010"/>
  <system-out/>
  <testcase classname="com.TestNGFramework.Annotations.A" name="registerTest" time="0.001"/>
  <system-out/>
</testsuite> <!-- com.TestNGFramework.Annotations.A -->
