<?xml version="1.0" encoding="UTF-8"?>
<!-- Generated by org.testng.reporters.JUnitReportReporter -->
<testsuite hostname="LAPTOP-5KMFOFH9" failures="0" tests="2" name="com.TestNGFramework.Annotations.B" time="0.006" errors="0" timestamp="2024-09-09T21:37:48 IST" skipped="0">
  <testcase classname="com.TestNGFramework.Annotations.B" name="loginTest" time="0.002"/>
  <system-out/>
  <testcase classname="com.TestNGFramework.Annotations.B" name="loginTest" time="0.004"/>
  <system-out/>
</testsuite> <!-- com.TestNGFramework.Annotations.B -->
