<?xml version="1.0" encoding="UTF-8"?>
<!-- Generated by org.testng.reporters.JUnitReportReporter -->
<testsuite hostname="LAPTOP-5KMFOFH9" failures="0" tests="1" name="com.WaitInSelenium.DynalicLoadingScenario" time="11.114" errors="0" timestamp="2024-09-03T21:03:54 IST" skipped="0">
  <testcase classname="com.WaitInSelenium.DynalicLoadingScenario" name="testWebDriverWait" time="11.114"/>
  <system-out/>
</testsuite> <!-- com.WaitInSelenium.DynalicLoadingScenario -->
