<?xml version="1.0" encoding="UTF-8"?>
<!-- Generated by org.testng.reporters.JUnitReportReporter -->
<testsuite hostname="LAPTOP-5KMFOFH9" failures="0" tests="1" name="com.WebElementHandlingWithTestNG.NewWindow_TabHandling" time="7.850" errors="0" timestamp="2024-09-10T23:15:33 IST" skipped="0">
  <testcase classname="com.WebElementHandlingWithTestNG.NewWindow_TabHandling" name="scenario" time="7.850"/>
  <system-out/>
</testsuite> <!-- com.WebElementHandlingWithTestNG.NewWindow_TabHandling -->
