<?xml version="1.0" encoding="UTF-8"?>
<!-- Generated by org.testng.reporters.JUnitReportReporter -->
<testsuite hostname="LAPTOP-5KMFOFH9" failures="0" tests="1" name="com.ActionsClass.DoubleClickAction" time="6.598" errors="0" timestamp="2024-09-03T22:02:27 IST" skipped="0">
  <testcase classname="com.ActionsClass.DoubleClickAction" name="testDoubleClick" time="6.598"/>
  <system-out/>
</testsuite> <!-- com.ActionsClass.DoubleClickAction -->
