<?xml version="1.0" encoding="UTF-8"?>
<!-- Generated by org.testng.reporters.JUnitReportReporter -->
<testsuite hostname="LAPTOP-5KMFOFH9" failures="0" tests="1" name="com.WebElementHandlingWithTestNG.FrameDemo2" time="6.829" errors="0" timestamp="2024-08-29T22:23:06 IST" skipped="0">
  <testcase classname="com.WebElementHandlingWithTestNG.FrameDemo2" name="frameTest" time="6.829"/>
  <system-out/>
</testsuite> <!-- com.WebElementHandlingWithTestNG.FrameDemo2 -->
