<?xml version="1.0" encoding="UTF-8"?>
<!-- Generated by org.testng.reporters.JUnitReportReporter -->
<testsuite hostname="LAPTOP-5KMFOFH9" failures="0" tests="1" name="com.ApiScenarios.Serialization_Deserialization" time="0.406" errors="0" timestamp="2024-10-07T21:57:42 IST" skipped="0">
  <testcase classname="com.ApiScenarios.Serialization_Deserialization" name="testDeserialization" time="0.406"/>
  <system-out/>
</testsuite> <!-- com.ApiScenarios.Serialization_Deserialization -->
