<?xml version="1.0" encoding="UTF-8"?>
<!-- Generated by org.testng.reporters.JUnitReportReporter -->
<testsuite hostname="LAPTOP-5KMFOFH9" failures="0" tests="4" name="com.TestNGFramework.TestNGDemo9_Grouping" time="0.025" errors="0" timestamp="2024-09-05T21:44:04 IST" skipped="0">
  <testcase classname="com.TestNGFramework.TestNGDemo9_Grouping" name="setEmpId" time="0.002"/>
  <system-out/>
  <testcase classname="com.TestNGFramework.TestNGDemo9_Grouping" name="setDepartment" time="0.001"/>
  <system-out/>
  <testcase classname="com.TestNGFramework.TestNGDemo9_Grouping" name="setAddress" time="0.020"/>
  <system-out/>
  <testcase classname="com.TestNGFramework.TestNGDemo9_Grouping" name="setStatus" time="0.002"/>
  <system-out/>
</testsuite> <!-- com.TestNGFramework.TestNGDemo9_Grouping -->
