<?xml version="1.0" encoding="UTF-8"?>
<!-- Generated by org.testng.reporters.JUnitReportReporter -->
<testsuite hostname="LAPTOP-5KMFOFH9" failures="0" tests="1" name="com.mobileElmentsScenario.LongClickGestureTest" time="18.130" errors="0" timestamp="2024-10-14T21:43:50 IST" skipped="0">
  <testcase classname="com.mobileElmentsScenario.LongClickGestureTest" name="testLongClick" time="18.130"/>
  <system-out/>
</testsuite> <!-- com.mobileElmentsScenario.LongClickGestureTest -->
