<?xml version="1.0" encoding="UTF-8"?>
<!-- Generated by org.testng.reporters.JUnitReportReporter -->
<testsuite hostname="LAPTOP-5KMFOFH9" failures="0" tests="1" name="com.ApiScenarios.CookiesValidation" time="2.680" errors="0" timestamp="2024-10-07T21:37:47 IST" skipped="0">
  <testcase classname="com.ApiScenarios.CookiesValidation" name="validateCookies" time="2.680"/>
  <system-out/>
</testsuite> <!-- com.ApiScenarios.CookiesValidation -->
