<?xml version="1.0" encoding="UTF-8"?>
<!-- Generated by org.testng.reporters.JUnitReportReporter -->
<testsuite hostname="LAPTOP-5KMFOFH9" failures="0" tests="1" name="com.driverSession.CreateFirstSession" time="21.804" errors="0" timestamp="2024-10-10T21:24:46 IST" skipped="0">
  <testcase classname="com.driverSession.CreateFirstSession" name="testDriverSession" time="21.804"/>
  <system-out/>
</testsuite> <!-- com.driverSession.CreateFirstSession -->
