<?xml version="1.0" encoding="UTF-8"?>
<!-- Generated by org.testng.reporters.JUnitReportReporter -->
<testsuite hostname="LAPTOP-5KMFOFH9" failures="0" tests="2" name="com.PageObjectModelUsingPageFactory.LoginPageTestUsingPageFactory" time="2.275" errors="0" timestamp="2024-09-10T21:25:20 IST" skipped="0">
  <testcase classname="com.PageObjectModelUsingPageFactory.LoginPageTestUsingPageFactory" name="validateTitle" time="0.024"/>
  <system-out/>
  <testcase classname="com.PageObjectModelUsingPageFactory.LoginPageTestUsingPageFactory" name="validateLogin" time="2.251"/>
  <system-out/>
</testsuite> <!-- com.PageObjectModelUsingPageFactory.LoginPageTestUsingPageFactory -->
