<?xml version="1.0" encoding="UTF-8"?>
<!-- Generated by org.testng.reporters.JUnitReportReporter -->
<testsuite hostname="LAPTOP-5KMFOFH9" failures="0" tests="1" name="com.mobileElmentsScenario.TestSceenshot" time="26.375" errors="0" timestamp="2024-10-16T20:34:54 IST" skipped="0">
  <testcase classname="com.mobileElmentsScenario.TestSceenshot" name="takeScreenshot" time="26.375"/>
  <system-out/>
</testsuite> <!-- com.mobileElmentsScenario.TestSceenshot -->
