<?xml version="1.0" encoding="UTF-8"?>
<!-- Generated by org.testng.reporters.JUnitReportReporter -->
<testsuite hostname="LAPTOP-5KMFOFH9" failures="0" tests="3" name="com.SeleniumGrid.ParallelTestOnGrid" time="109.499" errors="0" timestamp="2024-09-26T21:13:53 IST" skipped="0">
  <testcase classname="com.SeleniumGrid.ParallelTestOnGrid" name="testParallel" time="36.345"/>
  <system-out/>
  <testcase classname="com.SeleniumGrid.ParallelTestOnGrid" name="testParallel" time="36.976"/>
  <system-out/>
  <testcase classname="com.SeleniumGrid.ParallelTestOnGrid" name="testParallel" time="36.178"/>
  <system-out/>
</testsuite> <!-- com.SeleniumGrid.ParallelTestOnGrid -->
