<?xml version="1.0" encoding="UTF-8"?>
<!-- Generated by org.testng.reporters.JUnitReportReporter -->
<testsuite hostname="LAPTOP-5KMFOFH9" failures="0" tests="1" name="com.dataDrivenTest.ExcelDataReading" time="1.259" errors="0" timestamp="2024-09-11T22:06:03 IST" skipped="0">
  <testcase classname="com.dataDrivenTest.ExcelDataReading" name="dataRead" time="1.259"/>
  <system-out/>
</testsuite> <!-- com.dataDrivenTest.ExcelDataReading -->
