<?xml version="1.0" encoding="UTF-8"?>
<!-- Generated by org.testng.reporters.JUnitReportReporter -->
<testsuite hostname="LAPTOP-5KMFOFH9" failures="0" tests="4" name="com.dataDrivenTest.TestDataDemo1" time="0.014" errors="0" timestamp="2024-09-11T21:32:20 IST" skipped="0">
  <testcase classname="com.dataDrivenTest.TestDataDemo1" name="validateData" time="0.007"/>
  <system-out/>
  <testcase classname="com.dataDrivenTest.TestDataDemo1" name="validateData" time="0.003"/>
  <system-out/>
  <testcase classname="com.dataDrivenTest.TestDataDemo1" name="validateData" time="0.002"/>
  <system-out/>
  <testcase classname="com.dataDrivenTest.TestDataDemo1" name="validateData" time="0.002"/>
  <system-out/>
</testsuite> <!-- com.dataDrivenTest.TestDataDemo1 -->
