<?xml version="1.0" encoding="UTF-8"?>
<!-- Generated by org.testng.reporters.JUnitReportReporter -->
<testsuite hostname="LAPTOP-5KMFOFH9" failures="0" tests="2" name="com.TestNGFramework.TestNGDemo1" time="0.004" errors="0" timestamp="2024-09-05T21:24:52 IST" skipped="0">
  <testcase classname="com.TestNGFramework.TestNGDemo1" name="testcase1" time="0.002"/>
  <system-out/>
  <testcase classname="com.TestNGFramework.TestNGDemo1" name="testcase2" time="0.002"/>
  <system-out/>
</testsuite> <!-- com.TestNGFramework.TestNGDemo1 -->
