<?xml version="1.0" encoding="UTF-8"?>
<!-- Generated by org.testng.reporters.JUnitReportReporter -->
<testsuite hostname="LAPTOP-5KMFOFH9" failures="0" tests="2" name="com.WebElementHandlingWithTestNG.NewWindow_TabHandling" time="15.370" errors="0" timestamp="2024-08-29T21:46:52 IST" skipped="0">
  <testcase classname="com.WebElementHandlingWithTestNG.NewWindow_TabHandling" name="newTabTest" time="4.937"/>
  <system-out/>
  <testcase classname="com.WebElementHandlingWithTestNG.NewWindow_TabHandling" name="newWindowTest" time="10.433"/>
  <system-out/>
</testsuite> <!-- com.WebElementHandlingWithTestNG.NewWindow_TabHandling -->
