<?xml version="1.0" encoding="UTF-8"?>
<!-- Generated by org.testng.reporters.JUnitReportReporter -->
<testsuite hostname="LAPTOP-5KMFOFH9" failures="0" tests="1" name="com.TestNGFramework.TestData.HrmLoginUsingXML" time="8.386" errors="0" timestamp="2024-09-05T22:02:25 IST" skipped="0">
  <testcase classname="com.TestNGFramework.TestData.HrmLoginUsingXML" name="testLogin" time="8.386"/>
  <system-out/>
</testsuite> <!-- com.TestNGFramework.TestData.HrmLoginUsingXML -->
