<?xml version="1.0" encoding="UTF-8"?>
<!-- Generated by org.testng.reporters.JUnitReportReporter -->
<testsuite hostname="LAPTOP-5KMFOFH9" failures="0" tests="1" name="com.WebElementHandlingWithTestNG.GoibiboCalendar" time="6.814" errors="0" timestamp="2024-09-02T22:23:18 IST" skipped="0">
  <testcase classname="com.WebElementHandlingWithTestNG.GoibiboCalendar" name="testDatePicker" time="6.814"/>
  <system-out/>
</testsuite> <!-- com.WebElementHandlingWithTestNG.GoibiboCalendar -->
