<?xml version="1.0" encoding="UTF-8"?>
<!-- Generated by org.testng.reporters.JUnitReportReporter -->
<testsuite hostname="LAPTOP-5KMFOFH9" failures="0" tests="1" name="com.RestMethods.TestBookingAPIS" time="4.705" errors="0" timestamp="2024-10-07T21:12:58 IST" skipped="0">
  <testcase classname="com.RestMethods.TestBookingAPIS" name="createBooking" time="4.705"/>
  <system-out/>
</testsuite> <!-- com.RestMethods.TestBookingAPIS -->
