<?xml version="1.0" encoding="UTF-8"?>
<!-- Generated by org.testng.reporters.JUnitReportReporter -->
<testsuite hostname="LAPTOP-5KMFOFH9" failures="0" tests="1" name="com.ActionsClass.MouseOverAction" time="29.507" errors="0" timestamp="2024-09-03T22:09:26 IST" skipped="0">
  <testcase classname="com.ActionsClass.MouseOverAction" name="testMouseOver" time="29.507"/>
  <system-out/>
</testsuite> <!-- com.ActionsClass.MouseOverAction -->
