<?xml version="1.0" encoding="UTF-8"?>
<!-- Generated by org.testng.reporters.JUnitReportReporter -->
<testsuite hostname="LAPTOP-5KMFOFH9" failures="0" tests="3" name="com.PageObjectModel.LoginPageTest" time="1.961" errors="0" timestamp="2024-09-10T20:55:58 IST" skipped="0">
  <testcase classname="com.PageObjectModel.LoginPageTest" name="validateUrl" time="0.025"/>
  <system-out/>
  <testcase classname="com.PageObjectModel.LoginPageTest" name="validateTitle" time="0.015"/>
  <system-out/>
  <testcase classname="com.PageObjectModel.LoginPageTest" name="validateLogin" time="1.921"/>
  <system-out/>
</testsuite> <!-- com.PageObjectModel.LoginPageTest -->
