<?xml version="1.0" encoding="UTF-8"?>
<!-- Generated by org.testng.reporters.JUnitReportReporter -->
<testsuite hostname="LAPTOP-5KMFOFH9" failures="0" tests="1" name="com.mobileElmentsScenario.WorkingWithApplication" time="31.773" errors="0" timestamp="2024-10-16T21:19:05 IST" skipped="0">
  <testcase classname="com.mobileElmentsScenario.WorkingWithApplication" name="testApplicationActions" time="31.773"/>
  <system-out/>
</testsuite> <!-- com.mobileElmentsScenario.WorkingWithApplication -->
