<?xml version="1.0" encoding="UTF-8"?>
<!-- Generated by org.testng.reporters.JUnitReportReporter -->
<testsuite hostname="LAPTOP-5KMFOFH9" failures="0" tests="1" name="com.takeScreenshot.ScreenshotDemo" time="7.020" errors="0" timestamp="2024-09-11T22:21:27 IST" skipped="0">
  <testcase classname="com.takeScreenshot.ScreenshotDemo" name="testCapture" time="7.020"/>
  <system-out/>
</testsuite> <!-- com.takeScreenshot.ScreenshotDemo -->
