<?xml version="1.0" encoding="UTF-8"?>
<!-- Generated by org.testng.reporters.JUnitReportReporter -->
<testsuite hostname="LAPTOP-5KMFOFH9" failures="0" tests="1" name="com.mobileElmentsScenario.ScrollGestureTest" time="18.684" errors="0" timestamp="2024-10-14T22:02:00 IST" skipped="0">
  <testcase classname="com.mobileElmentsScenario.ScrollGestureTest" name="testScroll" time="18.684"/>
  <system-out/>
</testsuite> <!-- com.mobileElmentsScenario.ScrollGestureTest -->
