<?xml version="1.0" encoding="UTF-8"?>
<!-- Generated by org.testng.reporters.JUnitReportReporter -->
<testsuite hostname="LAPTOP-5KMFOFH9" failures="0" tests="4" name="com.TestNGFramework.TestNGDemo3_invocationCount" time="0.024" errors="0" timestamp="2024-09-04T22:09:12 IST" skipped="0">
  <testcase classname="com.TestNGFramework.TestNGDemo3_invocationCount" name="register" time="0.018"/>
  <system-out/>
  <testcase classname="com.TestNGFramework.TestNGDemo3_invocationCount" name="login" time="0.003"/>
  <system-out/>
  <testcase classname="com.TestNGFramework.TestNGDemo3_invocationCount" name="login" time="0.002"/>
  <system-out/>
  <testcase classname="com.TestNGFramework.TestNGDemo3_invocationCount" name="login" time="0.001"/>
  <system-out/>
</testsuite> <!-- com.TestNGFramework.TestNGDemo3_invocationCount -->
