<?xml version="1.0" encoding="UTF-8"?>
<!-- Generated by org.testng.reporters.JUnitReportReporter -->
<testsuite hostname="LAPTOP-5KMFOFH9" failures="0" tests="1" name="com.WaitInSelenium.FluentWaitScenario" time="12.002" errors="0" timestamp="2024-09-03T21:09:48 IST" skipped="0">
  <testcase classname="com.WaitInSelenium.FluentWaitScenario" name="fluentTest" time="12.002"/>
  <system-out/>
</testsuite> <!-- com.WaitInSelenium.FluentWaitScenario -->
