<?xml version="1.0" encoding="UTF-8"?>
<!-- Generated by org.testng.reporters.JUnitReportReporter -->
<testsuite hostname="LAPTOP-5KMFOFH9" failures="0" tests="1" name="com.ApiScenarios.HeaderValidation" time="2.605" errors="0" timestamp="2024-10-07T21:43:03 IST" skipped="0">
  <testcase classname="com.ApiScenarios.HeaderValidation" name="validateHeaders" time="2.605"/>
  <system-out/>
</testsuite> <!-- com.ApiScenarios.HeaderValidation -->
