<?xml version="1.0" encoding="UTF-8"?>
<!-- Generated by org.testng.reporters.JUnitReportReporter -->
<testsuite hostname="LAPTOP-5KMFOFH9" failures="0" tests="1" name="com.ActionsClass.RightclickAction" time="5.241" errors="0" timestamp="2024-09-03T21:57:33 IST" skipped="0">
  <testcase classname="com.ActionsClass.RightclickAction" name="rightclickTest" time="5.241"/>
  <system-out/>
</testsuite> <!-- com.ActionsClass.RightclickAction -->
