<?xml version="1.0" encoding="UTF-8"?>
<!-- Generated by org.testng.reporters.JUnitReportReporter -->
<testsuite hostname="LAPTOP-5KMFOFH9" failures="0" tests="1" name="com.mobileElmentsScenario.SwipeGestureTest" time="14.472" errors="0" timestamp="2024-10-15T20:42:05 IST" skipped="0">
  <testcase classname="com.mobileElmentsScenario.SwipeGestureTest" name="testSwipeGesture" time="14.472"/>
  <system-out/>
</testsuite> <!-- com.mobileElmentsScenario.SwipeGestureTest -->
