<?xml version="1.0" encoding="UTF-8"?>
<!-- Generated by org.testng.reporters.JUnitReportReporter -->
<testsuite hostname="LAPTOP-5KMFOFH9" failures="0" tests="1" name="com.mobileElmentsScenario.LocatorsDemo" time="29.370" errors="0" timestamp="2024-10-14T21:21:14 IST" skipped="0">
  <testcase classname="com.mobileElmentsScenario.LocatorsDemo" name="testLocator" time="29.370"/>
  <system-out/>
</testsuite> <!-- com.mobileElmentsScenario.LocatorsDemo -->
