<?xml version="1.0" encoding="UTF-8"?>
<!-- Generated by org.testng.reporters.JUnitReportReporter -->
<testsuite hostname="LAPTOP-5KMFOFH9" failures="0" tests="1" name="com.mobileElmentsScenario.TestToggleWifi_Data_AirplaneMode" time="20.767" errors="0" timestamp="2024-10-15T21:41:22 IST" skipped="0">
  <testcase classname="com.mobileElmentsScenario.TestToggleWifi_Data_AirplaneMode" name="testSetup" time="20.767"/>
  <system-out/>
</testsuite> <!-- com.mobileElmentsScenario.TestToggleWifi_Data_AirplaneMode -->
