<?xml version="1.0" encoding="UTF-8"?>
<!-- Generated by org.testng.reporters.JUnitReportReporter -->
<testsuite hostname="LAPTOP-5KMFOFH9" failures="0" tests="1" name="com.TestNGFramework.TestData.TestDataUsingXMLFile" time="0.014" errors="0" timestamp="2024-09-05T21:54:16 IST" skipped="0">
  <testcase classname="com.TestNGFramework.TestData.TestDataUsingXMLFile" name="testXMlFile" time="0.014"/>
  <system-out/>
</testsuite> <!-- com.TestNGFramework.TestData.TestDataUsingXMLFile -->
