<?xml version="1.0" encoding="UTF-8"?>
<!-- Generated by org.testng.reporters.JUnitReportReporter -->
<testsuite hostname="LAPTOP-5KMFOFH9" failures="0" tests="3" name="com.SwagLabs.TestCases.CartPageTest" time="6.753" errors="0" timestamp="2024-09-18T22:02:23 IST" skipped="0">
  <testcase classname="com.SwagLabs.TestCases.CartPageTest" name="validateRemove" time="1.577"/>
  <system-out/>
  <testcase classname="com.SwagLabs.TestCases.CartPageTest" name="validateContinueShopping" time="5.042"/>
  <system-out/>
  <testcase classname="com.SwagLabs.TestCases.CartPageTest" name="navigateToCheckoutPage" time="0.134"/>
  <system-out/>
</testsuite> <!-- com.SwagLabs.TestCases.CartPageTest -->
