<?xml version="1.0" encoding="UTF-8"?>
<!-- Generated by org.testng.reporters.JUnitReportReporter -->
<testsuite hostname="LAPTOP-5KMFOFH9" failures="0" tests="4" name="com.SwagLabs.TestCases.InventoryPageTest" time="0.311" errors="0" timestamp="2024-09-24T12:37:57 IST" skipped="0">
  <testcase classname="com.SwagLabs.TestCases.InventoryPageTest" name="validateProductCount" time="0.015"/>
  <system-out/>
  <testcase classname="com.SwagLabs.TestCases.InventoryPageTest" name="validateProductDetails" time="0.072"/>
  <system-out/>
  <testcase classname="com.SwagLabs.TestCases.InventoryPageTest" name="validateAddToCart" time="0.163"/>
  <system-out/>
  <testcase classname="com.SwagLabs.TestCases.InventoryPageTest" name="validateCartPageInit" time="0.061"/>
  <system-out/>
</testsuite> <!-- com.SwagLabs.TestCases.InventoryPageTest -->
