<?xml version="1.0" encoding="UTF-8"?>
<!-- Generated by org.testng.reporters.JUnitReportReporter -->
<testsuite hostname="LAPTOP-5KMFOFH9" failures="0" tests="4" name="com.SwagLabs.TestCases.InventoryPageTest" time="0.600" errors="0" timestamp="2024-09-18T22:02:23 IST" skipped="0">
  <testcase classname="com.SwagLabs.TestCases.InventoryPageTest" name="validateProductCount" time="0.031"/>
  <system-out/>
  <testcase classname="com.SwagLabs.TestCases.InventoryPageTest" name="validateProductDetails" time="0.119"/>
  <system-out/>
  <testcase classname="com.SwagLabs.TestCases.InventoryPageTest" name="validateAddToCart" time="0.319"/>
  <system-out/>
  <testcase classname="com.SwagLabs.TestCases.InventoryPageTest" name="validateCartPageInit" time="0.131"/>
  <system-out/>
</testsuite> <!-- com.SwagLabs.TestCases.InventoryPageTest -->
